# JRE version: OpenJDK Runtime Environment Temurin-17.0.17+10 (17.0.17+10) (build 17.0.17+10)
# Java VM: OpenJDK 64-Bit Server VM Temurin-17.0.17+10 (17.0.17+10, mixed mode, sharing, tiered, compressed oops, compressed class ptrs, g1 gc, windows-amd64)
GC Precious Log:
 CPUs: 12 total, 12 available
 Memory: 5989M
 Large Page Support: Disabled
 NUMA Support: Disabled
 Compressed Oops: Enabled (32-bit)
 Heap Region Size: 1M
 Heap Min Capacity: 256M
 Heap Initial Capacity: 256M
 Heap Max Capacity: 512M
 Pre-touch: Disabled
 Parallel Workers: 10
 Concurrent Workers: 3
 Concurrent Refinement Workers: 10
 Periodic GC: Disabled
Heap:
 garbage-first heap   total 262144K, used 152588K [0x00000000e0000000, 0x0000000100000000)
  region size 1024K, 115 young (117760K), 2 survivors (2048K)
 Metaspace       used 46940K, committed 47424K, reserved 393216K
  class space    used 6650K, committed 6848K, reserved 327680K
GC Heap History (14 events):
Event: 2.948 GC heap before
{Heap before GC invocations=0 (full 0):
 garbage-first heap   total 262144K, used 23552K [0x00000000e0000000, 0x0000000100000000)
  region size 1024K, 23 young (23552K), 0 survivors (0K)
 Metaspace       used 1043K, committed 1216K, reserved 393216K
  class space    used 72K, committed 128K, reserved 327680K
}
Event: 3.237 GC heap after
{Heap after GC invocations=1 (full 0):
 garbage-first heap   total 262144K, used 1847K [0x00000000e0000000, 0x0000000100000000)
  region size 1024K, 2 young (2048K), 2 survivors (2048K)
 Metaspace       used 1043K, committed 1216K, reserved 393216K
  class space    used 72K, committed 128K, reserved 327680K
}
Event: 6.487 GC heap before
{Heap before GC invocations=1 (full 0):
 garbage-first heap   total 262144K, used 38711K [0x00000000e0000000, 0x0000000100000000)
  region size 1024K, 36 young (36864K), 2 survivors (2048K)
 Metaspace       used 4344K, committed 4544K, reserved 393216K
  class space    used 546K, committed 640K, reserved 327680K
}
Event: 6.531 GC heap after
{Heap after GC invocations=2 (full 0):
 garbage-first heap   total 262144K, used 10867K [0x00000000e0000000, 0x0000000100000000)
  region size 1024K, 5 young (5120K), 5 survivors (5120K)
 Metaspace       used 4344K, committed 4544K, reserved 393216K
  class space    used 546K, committed 640K, reserved 327680K
}
Event: 9.274 GC heap before
{Heap before GC invocations=2 (full 0):
 garbage-first heap   total 262144K, used 54899K [0x00000000e0000000, 0x0000000100000000)
  region size 1024K, 46 young (47104K), 5 survivors (5120K)
 Metaspace       used 4442K, committed 4608K, reserved 393216K
  class space    used 547K, committed 640K, reserved 327680K
}
Event: 9.287 GC heap after
{Heap after GC invocations=3 (full 0):
 garbage-first heap   total 262144K, used 16280K [0x00000000e0000000, 0x0000000100000000)
  region size 1024K, 5 young (5120K), 5 survivors (5120K)
 Metaspace       used 4442K, committed 4608K, reserved 393216K
  class space    used 547K, committed 640K, reserved 327680K
}
Event: 30.872 GC heap before
{Heap before GC invocations=3 (full 0):
 garbage-first heap   total 262144K, used 130968K [0x00000000e0000000, 0x0000000100000000)
  region size 1024K, 118 young (120832K), 5 survivors (5120K)
 Metaspace       used 21117K, committed 21504K, reserved 393216K
  class space    used 3049K, committed 3264K, reserved 327680K
}
Event: 31.029 GC heap after
{Heap after GC invocations=4 (full 0):
 garbage-first heap   total 262144K, used 23800K [0x00000000e0000000, 0x0000000100000000)
  region size 1024K, 12 young (12288K), 12 survivors (12288K)
 Metaspace       used 21117K, committed 21504K, reserved 393216K
  class space    used 3049K, committed 3264K, reserved 327680K
}
Event: 41.138 GC heap before
{Heap before GC invocations=5 (full 0):
 garbage-first heap   total 262144K, used 124152K [0x00000000e0000000, 0x0000000100000000)
  region size 1024K, 111 young (113664K), 12 survivors (12288K)
 Metaspace       used 33472K, committed 33920K, reserved 393216K
  class space    used 4714K, committed 4928K, reserved 327680K
}
Event: 41.175 GC heap after
{Heap after GC invocations=6 (full 0):
 garbage-first heap   total 262144K, used 31186K [0x00000000e0000000, 0x0000000100000000)
  region size 1024K, 8 young (8192K), 8 survivors (8192K)
 Metaspace       used 33472K, committed 33920K, reserved 393216K
  class space    used 4714K, committed 4928K, reserved 327680K
}
Event: 41.394 GC heap before
{Heap before GC invocations=6 (full 0):
 garbage-first heap   total 262144K, used 35282K [0x00000000e0000000, 0x0000000100000000)
  region size 1024K, 12 young (12288K), 8 survivors (8192K)
 Metaspace       used 33822K, committed 34176K, reserved 393216K
  class space    used 4766K, committed 4928K, reserved 327680K
}
Event: 41.409 GC heap after
{Heap after GC invocations=7 (full 0):
 garbage-first heap   total 262144K, used 31900K [0x00000000e0000000, 0x0000000100000000)
  region size 1024K, 2 young (2048K), 2 survivors (2048K)
 Metaspace       used 33822K, committed 34176K, reserved 393216K
  class space    used 4766K, committed 4928K, reserved 327680K
}
Event: 43.011 GC heap before
{Heap before GC invocations=7 (full 0):
 garbage-first heap   total 262144K, used 46236K [0x00000000e0000000, 0x0000000100000000)
  region size 1024K, 17 young (17408K), 2 survivors (2048K)
 Metaspace       used 35525K, committed 35968K, reserved 393216K
  class space    used 5015K, committed 5248K, reserved 327680K
}
Event: 43.016 GC heap after
{Heap after GC invocations=8 (full 0):
 garbage-first heap   total 262144K, used 31756K [0x00000000e0000000, 0x0000000100000000)
  region size 1024K, 2 young (2048K), 2 survivors (2048K)
 Metaspace       used 35525K, committed 35968K, reserved 393216K
  class space    used 5015K, committed 5248K, reserved 327680K
}

